<?xml version="1.0" encoding="UTF-8"?>
<!-- Generated by org.testng.reporters.JUnitReportReporter -->
<testsuite hostname="DESKTOP-E8B2JUG" failures="0" tests="2" name="cucumberOptions.TestRunner" time="63.361" errors="0" timestamp="2022-03-14T21:31:41 PST" skipped="0">
  <testcase classname="cucumberOptions.TestRunner" name="runScenario" time="35.447"/>
  <system-out/>
  <testcase classname="cucumberOptions.TestRunner" name="runScenario" time="27.914"/>
  <system-out/>
</testsuite> <!-- cucumberOptions.TestRunner -->
