<?xml version="1.0" encoding="UTF-8"?>
<!-- Generated by org.testng.reporters.JUnitReportReporter -->
<testsuite hostname="DESKTOP-E8B2JUG" failures="0" tests="1" name="academy.validateNavigationBar" time="0.114" errors="0" timestamp="2022-01-20T22:27:02 PST" skipped="0">
  <testcase classname="academy.validateNavigationBar" name="basePageNavigation" time="0.114"/>
  <system-out/>
</testsuite> <!-- academy.validateNavigationBar -->
