<?xml version="1.0" encoding="UTF-8"?>
<!-- Generated by org.testng.reporters.JUnitReportReporter -->
<testsuite hostname="PHMA2-0947" failures="0" tests="1" name="cucumberOptions.TestRunner" time="19.140" errors="0" timestamp="2022-06-22T18:56:42 CST" skipped="0">
  <testcase classname="cucumberOptions.TestRunner" name="runScenario" time="19.140"/>
  <system-out/>
</testsuite> <!-- cucumberOptions.TestRunner -->
