<?xml version="1.0" encoding="UTF-8"?>
<!-- Generated by org.testng.reporters.JUnitReportReporter -->
<testsuite hostname="DESKTOP-E8B2JUG" failures="0" tests="2" name="academy.homepage" time="25.212" errors="0" timestamp="2022-01-20T22:27:02 PST" skipped="0">
  <testcase classname="academy.homepage" name="basePageNavigation" time="11.777"/>
  <system-out/>
  <testcase classname="academy.homepage" name="basePageNavigation" time="13.435"/>
  <system-out/>
</testsuite> <!-- academy.homepage -->
