<?xml version="1.0" encoding="UTF-8"?>
<!-- Generated by org.testng.reporters.JUnitReportReporter -->
<testsuite skipped="0" hostname="DESKTOP-E8B2JUG" name="academy.validateTitle" tests="2" failures="0" timestamp="2022-01-25T20:52:54 SGT" time="0.159" errors="0">
  <testcase name="validateHeader" time="0.067" classname="academy.validateTitle"/>
  <system-out/>
  <testcase name="validateAppTitle" time="0.092" classname="academy.validateTitle"/>
  <system-out/>
</testsuite> <!-- academy.validateTitle -->
