<?xml version="1.0" encoding="UTF-8"?>
<!-- Generated by org.testng.reporters.JUnitReportReporter -->
<testsuite skipped="0" hostname="DESKTOP-E8B2JUG" name="academy.homepage" tests="2" failures="0" timestamp="2022-01-25T20:52:54 SGT" time="27.727" errors="0">
  <testcase name="basePageNavigation" time="12.069" classname="academy.homepage"/>
  <system-out/>
  <testcase name="basePageNavigation" time="15.658" classname="academy.homepage"/>
  <system-out/>
</testsuite> <!-- academy.homepage -->
