<?xml version="1.0" encoding="UTF-8"?>
<!-- Generated by org.testng.reporters.JUnitReportReporter -->
<testsuite skipped="0" hostname="DESKTOP-E8B2JUG" name="academy.validateNavigationBar" tests="1" failures="0" timestamp="2022-01-25T20:52:54 SGT" time="0.124" errors="0">
  <testcase name="basePageNavigation" time="0.124" classname="academy.validateNavigationBar"/>
  <system-out/>
</testsuite> <!-- academy.validateNavigationBar -->
